<?xml version="1.0" encoding="UTF-8"?>
<testsuite name="TestSuite" time="32.504" tests="2" errors="0" skipped="0" failures="1">
  <properties>
[...]
</properties>
  <testcase name="InvalidLogin_001" classname="com.selenium.tests.LoginTests" time="25.479">
    <failure message="could not login to actitime expected [true] but found [false]" type="java.lang.AssertionError">java.lang.AssertionError: could not login to actitime expected [true] but found [false]
	at org.testng.Assert.fail(Assert.java:94)
	at org.testng.Assert.failNotEquals(Assert.java:496)
	at org.testng.Assert.assertTrue(Assert.java:42)
	at com.selenium.tests.LoginTests.InvalidLogin_001(LoginTests.java:60)
</failure>
    <system-out><![CDATA[2017-11-26 08:58:20 INFO  ************* This method will run before everything
2017-11-26 08:58:20 INFO  ************* ######This method runs at the begining of execution######
2017-11-26 08:58:20 INFO  ************* This method will run before every TestNG test in the xml file
2017-11-26 08:58:20 INFO  ************* This method will run before every class
2017-11-26 08:58:20 INFO  ************* This method will run before every method
2017-11-26 08:58:33 INFO  ************* ***********The test case by name InvalidLogin_001 is getting started*******
2017-11-26 08:58:58 INFO  ************* could not login.....the logout link not present
]]></system-out>
    <system-err><![CDATA[Starting ChromeDriver 2.33.506120 (e3e53437346286c0bc2d2dc9aa4915ba81d9023f) on port 36999
Only local connections are allowed.
Nov 26, 2017 8:58:24 AM org.openqa.selenium.remote.ProtocolHandshake createSession
INFO: Detected dialect: OSS
]]></system-err>
  </testcase>
  <testcase name="login_001" classname="com.selenium.tests.LoginTests" time="7.025"/>
</testsuite>